<?xml version="1.0" encoding="UTF-8"?>
<!-- Generated by org.testng.reporters.JUnitXMLReporter -->
<testsuite ignored="0" hostname="DESKTOP-LVNNG7C" failures="5" tests="21" name="Test" time="204.466" errors="0" timestamp="2023-12-02T04:25:08 EST">
  <testcase classname="com.qa.testCasesTn.AddtoCartTest" name="checkingOutValidProduct" time="8.239"/>
  <testcase classname="com.qa.testCasesTn.SearchProductTest" name="verifySearchWithValidProduct" time="1.224"/>
  <testcase classname="com.qa.testCasesTn.SearchProductTest" name="verifySearchWithInvalidProduct" time="0.958"/>
  <testcase classname="com.qa.testCasesTn.SearchProductTest" name="verifySearchWithNoProduct" time="1.0"/>
  <testcase classname="com.qa.testCasesTn.RegisterTest" name="verifyingRegisterWithMandatoryFields" time="1.156"/>
  <testcase classname="com.qa.testCasesTn.RegisterTest" name="verifyingRegisterWithAllFields" time="1.374"/>
  <testcase classname="com.qa.testCasesTn.RegisterTest" name="verifyingRegisterWithExistingEmail" time="0.923"/>
  <testcase classname="com.qa.testCasesTn.RegisterTest" name="verifyingRegisterWithMismatchPassword" time="0.924"/>
  <testcase classname="com.qa.testCasesTn.RegisterTest" name="verifyingRegisterWithNoFields" time="0.532"/>
  <testcase classname="com.qa.testCasesTn.LoginTest" name="verifyLoginWithValidCredentials" time="0.87"/>
  <testcase classname="com.qa.testCasesTn.LoginTest" name="verifyLoginWithValidCredentials" time="1.068"/>
  <testcase classname="com.qa.testCasesTn.LoginTest" name="verifyLoginWithValidCredentials" time="0.998"/>
  <testcase classname="com.qa.testCasesTn.LoginTest" name="verifyLoginWithValidCredentials" time="1.185"/>
  <testcase classname="com.qa.testCasesTn.LoginTest" name="verifyLoginWithValidCredentials" time="0.975"/>
  <testcase classname="com.qa.testCasesTn.LoginTest" name="verifyLoginWithInvalidCredentials" time="0.727">
    <failure type="java.lang.NullPointerException" message="Cannot invoke &amp;quot;java.lang.CharSequence.toString()&amp;quot; because &amp;quot;s&amp;quot; is null">
      <![CDATA[java.lang.NullPointerException: Cannot invoke "java.lang.CharSequence.toString()" because "s" is null
at java.base/java.lang.String.contains(String.java:2854)
at com.qa.testCasesTn.LoginTest.verifyLoginWithInvalidCredentials(LoginTest.java:56)
at java.base/java.util.ArrayList.forEach(ArrayList.java:1511)
... Removed 31 stack frames]]>
    </failure>
  </testcase> <!-- verifyLoginWithInvalidCredentials -->
  <testcase classname="com.qa.testCasesTn.LoginTest" name="verifyLoginWithValidEmailInvalidPassword" time="0.594"/>
  <testcase classname="com.qa.testCasesTn.LoginTest" name="verifyLoginWithInvalidEmailValidPassword" time="0.594">
    <failure type="java.lang.NullPointerException" message="Cannot invoke &amp;quot;java.lang.CharSequence.toString()&amp;quot; because &amp;quot;s&amp;quot; is null">
      <![CDATA[java.lang.NullPointerException: Cannot invoke "java.lang.CharSequence.toString()" because "s" is null
at java.base/java.lang.String.contains(String.java:2854)
at com.qa.testCasesTn.LoginTest.verifyLoginWithInvalidEmailValidPassword(LoginTest.java:79)
at java.base/java.util.ArrayList.forEach(ArrayList.java:1511)
... Removed 31 stack frames]]>
    </failure>
  </testcase> <!-- verifyLoginWithInvalidEmailValidPassword -->
  <testcase classname="com.qa.testCasesTn.LoginTest" name="verifyLoginWithNoCredentials" time="0.489">
    <failure type="java.lang.NullPointerException" message="Cannot invoke &amp;quot;java.lang.CharSequence.toString()&amp;quot; because &amp;quot;s&amp;quot; is null">
      <![CDATA[java.lang.NullPointerException: Cannot invoke "java.lang.CharSequence.toString()" because "s" is null
at java.base/java.lang.String.contains(String.java:2854)
at com.qa.testCasesTn.LoginTest.verifyLoginWithNoCredentials(LoginTest.java:88)
at java.base/java.util.ArrayList.forEach(ArrayList.java:1511)
... Removed 31 stack frames]]>
    </failure>
  </testcase> <!-- verifyLoginWithNoCredentials -->
  <testcase classname="com.qa.testCasesTn.CheckOutTest" name="checkoutAsNewUser" time="7.631"/>
  <testcase classname="com.qa.testCasesTn.CheckOutTest" name="checkOutAsGuestUser" time="20.035">
    <failure type="org.openqa.selenium.NoSuchElementException" message="no such element: Unable to locate element: {&amp;quot;method&amp;quot;:&amp;quot;xpath&amp;quot;,&amp;quot;selector&amp;quot;:&amp;quot;//h2[(contains(text(),&amp;apos;New Customer&amp;apos;))]&amp;quot;}
  (Session info: chrome=119.0.6045.160)
For documentation on this error, please visit: https://www.selenium.dev/documentation/webdriver/troubleshooting/errors#no-such-element-exception
Build info: version: &amp;apos;4.15.0&amp;apos;, revision: &amp;apos;1d14b5521b&amp;apos;
System info: os.name: &amp;apos;Windows 11&amp;apos;, os.arch: &amp;apos;amd64&amp;apos;, os.version: &amp;apos;10.0&amp;apos;, java.version: &amp;apos;17.0.8&amp;apos;
Driver info: org.openqa.selenium.chrome.ChromeDriver
Command: [be2a5525e8eea37c952e84542b500e87, findElement {using=xpath, value=//h2[(contains(text(),&amp;apos;New Customer&amp;apos;))]}]
Capabilities {acceptInsecureCerts: false, browserName: chrome, browserVersion: 119.0.6045.160, chrome: {chromedriverVersion: 119.0.6045.105 (38c72552c5e..., userDataDir: C:\Users\sajid\AppData\Loca...}, fedcm:accounts: true, goog:chromeOptions: {debuggerAddress: localhost:53896}, networkConnectionEnabled: false, pageLoadStrategy: eager, platformName: windows, proxy: Proxy(), se:cdp: ws://localhost:53896/devtoo..., se:cdpVersion: 119.0.6045.160, setWindowRect: true, strictFileInteractability: false, timeouts: {implicit: 0, pageLoad: 300000, script: 30000}, unhandledPromptBehavior: dismiss and notify, webauthn:extension:credBlob: true, webauthn:extension:largeBlob: true, webauthn:extension:minPinLength: true, webauthn:extension:prf: true, webauthn:virtualAuthenticators: true}
Session ID: be2a5525e8eea37c952e84542b500e87">
      <![CDATA[org.openqa.selenium.NoSuchElementException: no such element: Unable to locate element: {"method":"xpath","selector":"//h2[(contains(text(),'New Customer'))]"}
  (Session info: chrome=119.0.6045.160)
For documentation on this error, please visit: https://www.selenium.dev/documentation/webdriver/troubleshooting/errors#no-such-element-exception
Build info: version: '4.15.0', revision: '1d14b5521b'
System info: os.name: 'Windows 11', os.arch: 'amd64', os.version: '10.0', java.version: '17.0.8'
Driver info: org.openqa.selenium.chrome.ChromeDriver
Command: [be2a5525e8eea37c952e84542b500e87, findElement {using=xpath, value=//h2[(contains(text(),'New Customer'))]}]
Capabilities {acceptInsecureCerts: false, browserName: chrome, browserVersion: 119.0.6045.160, chrome: {chromedriverVersion: 119.0.6045.105 (38c72552c5e..., userDataDir: C:\Users\sajid\AppData\Loca...}, fedcm:accounts: true, goog:chromeOptions: {debuggerAddress: localhost:53896}, networkConnectionEnabled: false, pageLoadStrategy: eager, platformName: windows, proxy: Proxy(), se:cdp: ws://localhost:53896/devtoo..., se:cdpVersion: 119.0.6045.160, setWindowRect: true, strictFileInteractability: false, timeouts: {implicit: 0, pageLoad: 300000, script: 30000}, unhandledPromptBehavior: dismiss and notify, webauthn:extension:credBlob: true, webauthn:extension:largeBlob: true, webauthn:extension:minPinLength: true, webauthn:extension:prf: true, webauthn:virtualAuthenticators: true}
Session ID: be2a5525e8eea37c952e84542b500e87
at org.openqa.selenium.remote.codec.w3c.W3CHttpResponseCodec.createException(W3CHttpResponseCodec.java:200)
at org.openqa.selenium.remote.codec.w3c.W3CHttpResponseCodec.decode(W3CHttpResponseCodec.java:133)
at org.openqa.selenium.remote.codec.w3c.W3CHttpResponseCodec.decode(W3CHttpResponseCodec.java:52)
at org.openqa.selenium.remote.HttpCommandExecutor.execute(HttpCommandExecutor.java:191)
at org.openqa.selenium.remote.service.DriverCommandExecutor.invokeExecute(DriverCommandExecutor.java:200)
at org.openqa.selenium.remote.service.DriverCommandExecutor.execute(DriverCommandExecutor.java:175)
at org.openqa.selenium.remote.RemoteWebDriver.execute(RemoteWebDriver.java:607)
at org.openqa.selenium.remote.ElementLocation$ElementFinder$2.findElement(ElementLocation.java:165)
at org.openqa.selenium.remote.ElementLocation.findElement(ElementLocation.java:59)
at org.openqa.selenium.remote.RemoteWebDriver.findElement(RemoteWebDriver.java:364)
at org.openqa.selenium.remote.RemoteWebDriver.findElement(RemoteWebDriver.java:358)
at org.openqa.selenium.support.pagefactory.DefaultElementLocator.findElement(DefaultElementLocator.java:68)
at org.openqa.selenium.support.pagefactory.internal.LocatingElementHandler.invoke(LocatingElementHandler.java:38)
at jdk.proxy2/jdk.proxy2.$Proxy9.isDisplayed(Unknown Source)
at com.tn.qa.pages.CheckOutPage.getStatusofCheckoutOptionsDisplayed(CheckOutPage.java:49)
at com.qa.testCasesTn.CheckOutTest.checkOutAsGuestUser(CheckOutTest.java:78)
at java.base/java.util.ArrayList.forEach(ArrayList.java:1511)
... Removed 36 stack frames]]>
    </failure>
  </testcase> <!-- checkOutAsGuestUser -->
  <testcase classname="com.qa.testCasesTn.CheckOutTest" name="checkOutAsExistingUser" time="26.938">
    <failure type="org.openqa.selenium.NoSuchElementException" message="no such element: Unable to locate element: {&amp;quot;method&amp;quot;:&amp;quot;xpath&amp;quot;,&amp;quot;selector&amp;quot;:&amp;quot;//div[@class=&amp;apos;table-responsive&amp;apos;]&amp;quot;}
  (Session info: chrome=119.0.6045.160)
For documentation on this error, please visit: https://www.selenium.dev/documentation/webdriver/troubleshooting/errors#no-such-element-exception
Build info: version: &amp;apos;4.15.0&amp;apos;, revision: &amp;apos;1d14b5521b&amp;apos;
System info: os.name: &amp;apos;Windows 11&amp;apos;, os.arch: &amp;apos;amd64&amp;apos;, os.version: &amp;apos;10.0&amp;apos;, java.version: &amp;apos;17.0.8&amp;apos;
Driver info: org.openqa.selenium.chrome.ChromeDriver
Command: [7b3e26c728ba5889ef8657d7d9166c2d, findElement {using=xpath, value=//div[@class=&amp;apos;table-responsive&amp;apos;]}]
Capabilities {acceptInsecureCerts: false, browserName: chrome, browserVersion: 119.0.6045.160, chrome: {chromedriverVersion: 119.0.6045.105 (38c72552c5e..., userDataDir: C:\Users\sajid\AppData\Loca...}, fedcm:accounts: true, goog:chromeOptions: {debuggerAddress: localhost:53987}, networkConnectionEnabled: false, pageLoadStrategy: eager, platformName: windows, proxy: Proxy(), se:cdp: ws://localhost:53987/devtoo..., se:cdpVersion: 119.0.6045.160, setWindowRect: true, strictFileInteractability: false, timeouts: {implicit: 0, pageLoad: 300000, script: 30000}, unhandledPromptBehavior: dismiss and notify, webauthn:extension:credBlob: true, webauthn:extension:largeBlob: true, webauthn:extension:minPinLength: true, webauthn:extension:prf: true, webauthn:virtualAuthenticators: true}
Session ID: 7b3e26c728ba5889ef8657d7d9166c2d">
      <![CDATA[org.openqa.selenium.NoSuchElementException: no such element: Unable to locate element: {"method":"xpath","selector":"//div[@class='table-responsive']"}
  (Session info: chrome=119.0.6045.160)
For documentation on this error, please visit: https://www.selenium.dev/documentation/webdriver/troubleshooting/errors#no-such-element-exception
Build info: version: '4.15.0', revision: '1d14b5521b'
System info: os.name: 'Windows 11', os.arch: 'amd64', os.version: '10.0', java.version: '17.0.8'
Driver info: org.openqa.selenium.chrome.ChromeDriver
Command: [7b3e26c728ba5889ef8657d7d9166c2d, findElement {using=xpath, value=//div[@class='table-responsive']}]
Capabilities {acceptInsecureCerts: false, browserName: chrome, browserVersion: 119.0.6045.160, chrome: {chromedriverVersion: 119.0.6045.105 (38c72552c5e..., userDataDir: C:\Users\sajid\AppData\Loca...}, fedcm:accounts: true, goog:chromeOptions: {debuggerAddress: localhost:53987}, networkConnectionEnabled: false, pageLoadStrategy: eager, platformName: windows, proxy: Proxy(), se:cdp: ws://localhost:53987/devtoo..., se:cdpVersion: 119.0.6045.160, setWindowRect: true, strictFileInteractability: false, timeouts: {implicit: 0, pageLoad: 300000, script: 30000}, unhandledPromptBehavior: dismiss and notify, webauthn:extension:credBlob: true, webauthn:extension:largeBlob: true, webauthn:extension:minPinLength: true, webauthn:extension:prf: true, webauthn:virtualAuthenticators: true}
Session ID: 7b3e26c728ba5889ef8657d7d9166c2d
at org.openqa.selenium.remote.codec.w3c.W3CHttpResponseCodec.createException(W3CHttpResponseCodec.java:200)
at org.openqa.selenium.remote.codec.w3c.W3CHttpResponseCodec.decode(W3CHttpResponseCodec.java:133)
at org.openqa.selenium.remote.codec.w3c.W3CHttpResponseCodec.decode(W3CHttpResponseCodec.java:52)
at org.openqa.selenium.remote.HttpCommandExecutor.execute(HttpCommandExecutor.java:191)
at org.openqa.selenium.remote.service.DriverCommandExecutor.invokeExecute(DriverCommandExecutor.java:200)
at org.openqa.selenium.remote.service.DriverCommandExecutor.execute(DriverCommandExecutor.java:175)
at org.openqa.selenium.remote.RemoteWebDriver.execute(RemoteWebDriver.java:607)
at org.openqa.selenium.remote.ElementLocation$ElementFinder$2.findElement(ElementLocation.java:165)
at org.openqa.selenium.remote.ElementLocation.findElement(ElementLocation.java:59)
at org.openqa.selenium.remote.RemoteWebDriver.findElement(RemoteWebDriver.java:364)
at org.openqa.selenium.remote.RemoteWebDriver.findElement(RemoteWebDriver.java:358)
at org.openqa.selenium.support.pagefactory.DefaultElementLocator.findElement(DefaultElementLocator.java:68)
at org.openqa.selenium.support.pagefactory.internal.LocatingElementHandler.invoke(LocatingElementHandler.java:38)
at jdk.proxy2/jdk.proxy2.$Proxy9.isDisplayed(Unknown Source)
at com.tn.qa.pages.CheckOut_LoginPage.getStatusofOrderInfoDisplayed(CheckOut_LoginPage.java:180)
at com.qa.testCasesTn.CheckOutTest.checkOutAsExistingUser(CheckOutTest.java:124)
at java.base/java.util.ArrayList.forEach(ArrayList.java:1511)
... Removed 36 stack frames]]>
    </failure>
  </testcase> <!-- checkOutAsExistingUser -->
</testsuite> <!-- Test -->
